<?xml version="1.0" encoding="UTF-8"?>
<coverage generated="1687997470809" clover="3.2.0">
  <project timestamp="1687997470809" name="All files">
    <metrics statements="62" coveredstatements="61" conditionals="13" coveredconditionals="12" methods="18" coveredmethods="17" elements="93" coveredelements="90" complexity="0" loc="62" ncloc="62" packages="5" files="6" classes="6"/>
    <package name="api.handlers">
      <metrics statements="20" coveredstatements="19" conditionals="3" coveredconditionals="3" methods="6" coveredmethods="5"/>
      <file name="api-handlers.ts" path="/home/mark/projects/insideout-example/services/catalog/catalog-service/src/api/handlers/api-handlers.ts">
        <metrics statements="20" coveredstatements="19" conditionals="3" coveredconditionals="3" methods="6" coveredmethods="5"/>
        <line num="1" count="1" type="stmt"/>
        <line num="2" count="1" type="stmt"/>
        <line num="3" count="1" type="stmt"/>
        <line num="15" count="1" type="stmt"/>
        <line num="20" count="5" type="stmt"/>
        <line num="24" count="5" type="stmt"/>
        <line num="25" count="0" type="stmt"/>
        <line num="27" count="1" type="stmt"/>
        <line num="28" count="1" type="stmt"/>
        <line num="39" count="1" type="stmt"/>
        <line num="46" count="1" type="stmt"/>
        <line num="47" count="1" type="stmt"/>
        <line num="50" count="2" type="stmt"/>
        <line num="51" count="2" type="cond" truecount="1" falsecount="0"/>
        <line num="52" count="1" type="stmt"/>
        <line num="54" count="1" type="stmt"/>
        <line num="57" count="1" type="stmt"/>
        <line num="58" count="1" type="stmt"/>
        <line num="61" count="1" type="stmt"/>
        <line num="62" count="1" type="stmt"/>
      </file>
    </package>
    <package name="api.routes">
      <metrics statements="9" coveredstatements="9" conditionals="0" coveredconditionals="0" methods="1" coveredmethods="1"/>
      <file name="routes.ts" path="/home/mark/projects/insideout-example/services/catalog/catalog-service/src/api/routes/routes.ts">
        <metrics statements="9" coveredstatements="9" conditionals="0" coveredconditionals="0" methods="1" coveredmethods="1"/>
        <line num="1" count="3" type="stmt"/>
        <line num="2" count="3" type="stmt"/>
        <line num="3" count="3" type="stmt"/>
        <line num="4" count="3" type="stmt"/>
        <line num="5" count="3" type="stmt"/>
        <line num="10" count="3" type="stmt"/>
        <line num="12" count="3" type="stmt"/>
        <line num="25" count="3" type="stmt"/>
        <line num="29" count="1" type="stmt"/>
      </file>
    </package>
    <package name="infra">
      <metrics statements="3" coveredstatements="3" conditionals="0" coveredconditionals="0" methods="1" coveredmethods="1"/>
      <file name="logging.ts" path="/home/mark/projects/insideout-example/services/catalog/catalog-service/src/infra/logging.ts">
        <metrics statements="3" coveredstatements="3" conditionals="0" coveredconditionals="0" methods="1" coveredmethods="1"/>
        <line num="1" count="3" type="stmt"/>
        <line num="4" count="4" type="stmt"/>
        <line num="8" count="3" type="stmt"/>
      </file>
    </package>
    <package name="models">
      <metrics statements="6" coveredstatements="6" conditionals="0" coveredconditionals="0" methods="0" coveredmethods="0"/>
      <file name="index.ts" path="/home/mark/projects/insideout-example/services/catalog/catalog-service/src/models/index.ts">
        <metrics statements="1" coveredstatements="1" conditionals="0" coveredconditionals="0" methods="0" coveredmethods="0"/>
        <line num="1" count="2" type="stmt"/>
      </file>
      <file name="product.ts" path="/home/mark/projects/insideout-example/services/catalog/catalog-service/src/models/product.ts">
        <metrics statements="5" coveredstatements="5" conditionals="0" coveredconditionals="0" methods="0" coveredmethods="0"/>
        <line num="1" count="2" type="stmt"/>
        <line num="2" count="2" type="stmt"/>
        <line num="4" count="2" type="stmt"/>
        <line num="16" count="2" type="stmt"/>
        <line num="17" count="2" type="stmt"/>
      </file>
    </package>
    <package name="repo">
      <metrics statements="24" coveredstatements="24" conditionals="10" coveredconditionals="9" methods="10" coveredmethods="10"/>
      <file name="repo.ts" path="/home/mark/projects/insideout-example/services/catalog/catalog-service/src/repo/repo.ts">
        <metrics statements="24" coveredstatements="24" conditionals="10" coveredconditionals="9" methods="10" coveredmethods="10"/>
        <line num="1" count="1" type="stmt"/>
        <line num="2" count="1" type="stmt"/>
        <line num="5" count="1" type="stmt"/>
        <line num="25" count="1" type="stmt"/>
        <line num="26" count="2" type="stmt"/>
        <line num="29" count="1" type="stmt"/>
        <line num="30" count="2" type="stmt"/>
        <line num="33" count="1" type="stmt"/>
        <line num="34" count="2" type="stmt"/>
        <line num="40" count="1" type="stmt"/>
        <line num="47" count="1" type="stmt"/>
        <line num="48" count="1" type="stmt"/>
        <line num="50" count="2" type="stmt"/>
        <line num="54" count="2" type="stmt"/>
        <line num="57" count="301" type="stmt"/>
        <line num="78" count="301" type="stmt"/>
        <line num="81" count="3" type="cond" truecount="2" falsecount="0"/>
        <line num="82" count="3" type="stmt"/>
        <line num="89" count="3" type="stmt"/>
        <line num="90" count="151" type="stmt"/>
        <line num="97" count="3" type="cond" truecount="2" falsecount="0"/>
        <line num="98" count="3" type="stmt"/>
        <line num="105" count="3" type="stmt"/>
        <line num="106" count="151" type="stmt"/>
      </file>
    </package>
  </project>
</coverage>
