{"/home/mark/projects/insideout-example/services/catalog/catalog-service/src/api/handlers/api-handlers.ts": {"path":"/home/mark/projects/insideout-example/services/catalog/catalog-service/src/api/handlers/api-handlers.ts","statementMap":{"0":{"start":{"line":1,"column":0},"end":{"line":1,"column":59}},"1":{"start":{"line":2,"column":0},"end":{"line":2,"column":36}},"2":{"start":{"line":3,"column":0},"end":{"line":3,"column":80}},"3":{"start":{"line":15,"column":24},"end":{"line":65,"column":1}},"4":{"start":{"line":20,"column":33},"end":{"line":22,"column":4}},"5":{"start":{"line":24,"column":2},"end":{"line":64,"column":4}},"6":{"start":{"line":25,"column":29},"end":{"line":25,"column":49}},"7":{"start":{"line":27,"column":22},"end":{"line":27,"column":30}},"8":{"start":{"line":28,"column":50},"end":{"line":38,"column":8}},"9":{"start":{"line":39,"column":20},"end":{"line":45,"column":8}},"10":{"start":{"line":46,"column":6},"end":{"line":46,"column":42}},"11":{"start":{"line":47,"column":6},"end":{"line":47,"column":68}},"12":{"start":{"line":50,"column":22},"end":{"line":50,"column":56}},"13":{"start":{"line":51,"column":6},"end":{"line":53,"column":null}},"14":{"start":{"line":52,"column":8},"end":{"line":52,"column":76}},"15":{"start":{"line":54,"column":6},"end":{"line":54,"column":25}},"16":{"start":{"line":57,"column":23},"end":{"line":57,"column":107}},"17":{"start":{"line":58,"column":6},"end":{"line":58,"column":26}},"18":{"start":{"line":61,"column":23},"end":{"line":61,"column":113}},"19":{"start":{"line":62,"column":6},"end":{"line":62,"column":26}},"20":{"start":{"line":15,"column":13},"end":{"line":15,"column":24}}},"fnMap":{"0":{"name":"(anonymous_0)","decl":{"start":{"line":15,"column":24},"end":{"line":15,"column":null}},"loc":{"start":{"line":19,"column":19},"end":{"line":65,"column":1}}},"1":{"name":"(anonymous_1)","decl":{"start":{"line":25,"column":17},"end":{"line":25,"column":22}},"loc":{"start":{"line":25,"column":29},"end":{"line":25,"column":49}}},"2":{"name":"(anonymous_2)","decl":{"start":{"line":26,"column":19},"end":{"line":26,"column":24}},"loc":{"start":{"line":26,"column":33},"end":{"line":48,"column":5}}},"3":{"name":"(anonymous_3)","decl":{"start":{"line":49,"column":16},"end":{"line":49,"column":21}},"loc":{"start":{"line":49,"column":30},"end":{"line":55,"column":5}}},"4":{"name":"(anonymous_4)","decl":{"start":{"line":56,"column":28},"end":{"line":56,"column":33}},"loc":{"start":{"line":56,"column":42},"end":{"line":59,"column":5}}},"5":{"name":"(anonymous_5)","decl":{"start":{"line":60,"column":31},"end":{"line":60,"column":36}},"loc":{"start":{"line":60,"column":45},"end":{"line":63,"column":5}}}},"branchMap":{"0":{"loc":{"start":{"line":34,"column":19},"end":{"line":34,"column":53}},"type":"binary-expr","locations":[{"start":{"line":34,"column":19},"end":{"line":34,"column":47}},{"start":{"line":34,"column":51},"end":{"line":34,"column":53}}]},"1":{"loc":{"start":{"line":51,"column":6},"end":{"line":53,"column":null}},"type":"if","locations":[{"start":{"line":51,"column":6},"end":{"line":53,"column":null}}]}},"s":{"0":1,"1":1,"2":1,"3":1,"4":5,"5":5,"6":0,"7":1,"8":1,"9":1,"10":1,"11":1,"12":2,"13":2,"14":1,"15":1,"16":1,"17":1,"18":1,"19":1,"20":1},"f":{"0":5,"1":0,"2":1,"3":2,"4":1,"5":1},"b":{"0":[1,1],"1":[1]}}
,"/home/mark/projects/insideout-example/services/catalog/catalog-service/src/api/routes/routes.ts": {"path":"/home/mark/projects/insideout-example/services/catalog/catalog-service/src/api/routes/routes.ts","statementMap":{"0":{"start":{"line":1,"column":0},"end":{"line":1,"column":62}},"1":{"start":{"line":2,"column":0},"end":{"line":2,"column":63}},"2":{"start":{"line":3,"column":0},"end":{"line":3,"column":54}},"3":{"start":{"line":4,"column":0},"end":{"line":4,"column":21}},"4":{"start":{"line":5,"column":0},"end":{"line":5,"column":null}},"5":{"start":{"line":10,"column":0},"end":{"line":10,"column":38}},"6":{"start":{"line":12,"column":13},"end":{"line":21,"column":3}},"7":{"start":{"line":25,"column":22},"end":{"line":45,"column":1}},"8":{"start":{"line":29,"column":2},"end":{"line":44,"column":null}},"9":{"start":{"line":25,"column":13},"end":{"line":25,"column":22}}},"fnMap":{"0":{"name":"(anonymous_1)","decl":{"start":{"line":25,"column":22},"end":{"line":25,"column":null}},"loc":{"start":{"line":28,"column":4},"end":{"line":45,"column":1}}}},"branchMap":{},"s":{"0":3,"1":3,"2":3,"3":3,"4":3,"5":3,"6":3,"7":3,"8":1,"9":3},"f":{"0":1},"b":{}}
,"/home/mark/projects/insideout-example/services/catalog/catalog-service/src/infra/logging.ts": {"path":"/home/mark/projects/insideout-example/services/catalog/catalog-service/src/infra/logging.ts","statementMap":{"0":{"start":{"line":1,"column":0},"end":{"line":1,"column":29}},"1":{"start":{"line":4,"column":0},"end":{"line":6,"column":3}},"2":{"start":{"line":4,"column":33},"end":{"line":6,"column":2}},"3":{"start":{"line":8,"column":0},"end":{"line":8,"column":19}}},"fnMap":{"0":{"name":"(anonymous_1)","decl":{"start":{"line":4,"column":26},"end":{"line":4,"column":29}},"loc":{"start":{"line":4,"column":33},"end":{"line":6,"column":2}}}},"branchMap":{},"s":{"0":3,"1":3,"2":4,"3":3},"f":{"0":4},"b":{}}
,"/home/mark/projects/insideout-example/services/catalog/catalog-service/src/models/index.ts": {"path":"/home/mark/projects/insideout-example/services/catalog/catalog-service/src/models/index.ts","statementMap":{"0":{"start":{"line":1,"column":0},"end":{"line":1,"column":25}}},"fnMap":{},"branchMap":{},"s":{"0":2},"f":{},"b":{}}
,"/home/mark/projects/insideout-example/services/catalog/catalog-service/src/models/product.ts": {"path":"/home/mark/projects/insideout-example/services/catalog/catalog-service/src/models/product.ts","statementMap":{"0":{"start":{"line":1,"column":0},"end":{"line":1,"column":59}},"1":{"start":{"line":2,"column":0},"end":{"line":2,"column":24}},"2":{"start":{"line":4,"column":13},"end":{"line":13,"column":3}},"3":{"start":{"line":16,"column":13},"end":{"line":16,"column":69}},"4":{"start":{"line":17,"column":13},"end":{"line":17,"column":74}}},"fnMap":{},"branchMap":{},"s":{"0":2,"1":2,"2":2,"3":2,"4":2},"f":{},"b":{}}
,"/home/mark/projects/insideout-example/services/catalog/catalog-service/src/repo/repo.ts": {"path":"/home/mark/projects/insideout-example/services/catalog/catalog-service/src/repo/repo.ts","statementMap":{"0":{"start":{"line":1,"column":0},"end":{"line":1,"column":52}},"1":{"start":{"line":2,"column":0},"end":{"line":2,"column":54}},"2":{"start":{"line":5,"column":0},"end":{"line":5,"column":66}},"3":{"start":{"line":25,"column":27},"end":{"line":27,"column":1}},"4":{"start":{"line":26,"column":2},"end":{"line":26,"column":59}},"5":{"start":{"line":29,"column":27},"end":{"line":31,"column":1}},"6":{"start":{"line":30,"column":2},"end":{"line":30,"column":64}},"7":{"start":{"line":33,"column":26},"end":{"line":38,"column":50}},"8":{"start":{"line":34,"column":2},"end":{"line":38,"column":50}},"9":{"start":{"line":33,"column":13},"end":{"line":33,"column":26}},"10":{"start":{"line":40,"column":27},"end":{"line":113,"column":1}},"11":{"start":{"line":47,"column":24},"end":{"line":47,"column":53}},"12":{"start":{"line":48,"column":2},"end":{"line":112,"column":4}},"13":{"start":{"line":50,"column":22},"end":{"line":53,"column":8}},"14":{"start":{"line":54,"column":6},"end":{"line":54,"column":27}},"15":{"start":{"line":57,"column":6},"end":{"line":77,"column":9}},"16":{"start":{"line":78,"column":6},"end":{"line":78,"column":21}},"17":{"start":{"line":81,"column":23},"end":{"line":81,"column":66}},"18":{"start":{"line":82,"column":21},"end":{"line":87,"column":null}},"19":{"start":{"line":89,"column":6},"end":{"line":94,"column":8}},"20":{"start":{"line":90,"column":44},"end":{"line":90,"column":50}},"21":{"start":{"line":97,"column":23},"end":{"line":97,"column":66}},"22":{"start":{"line":98,"column":21},"end":{"line":103,"column":null}},"23":{"start":{"line":105,"column":6},"end":{"line":110,"column":8}},"24":{"start":{"line":106,"column":44},"end":{"line":106,"column":50}},"25":{"start":{"line":40,"column":13},"end":{"line":40,"column":27}}},"fnMap":{"0":{"name":"(anonymous_0)","decl":{"start":{"line":25,"column":27},"end":{"line":25,"column":28}},"loc":{"start":{"line":25,"column":47},"end":{"line":27,"column":1}}},"1":{"name":"(anonymous_1)","decl":{"start":{"line":29,"column":27},"end":{"line":29,"column":28}},"loc":{"start":{"line":29,"column":55},"end":{"line":31,"column":1}}},"2":{"name":"(anonymous_2)","decl":{"start":{"line":33,"column":26},"end":{"line":33,"column":27}},"loc":{"start":{"line":34,"column":2},"end":{"line":38,"column":50}}},"3":{"name":"(anonymous_3)","decl":{"start":{"line":40,"column":27},"end":{"line":40,"column":28}},"loc":{"start":{"line":46,"column":19},"end":{"line":113,"column":1}}},"4":{"name":"(anonymous_4)","decl":{"start":{"line":49,"column":9},"end":{"line":49,"column":14}},"loc":{"start":{"line":49,"column":31},"end":{"line":55,"column":5}}},"5":{"name":"(anonymous_5)","decl":{"start":{"line":56,"column":9},"end":{"line":56,"column":14}},"loc":{"start":{"line":56,"column":60},"end":{"line":79,"column":5}}},"6":{"name":"(anonymous_6)","decl":{"start":{"line":80,"column":27},"end":{"line":80,"column":32}},"loc":{"start":{"line":80,"column":54},"end":{"line":95,"column":5}}},"7":{"name":"(anonymous_7)","decl":{"start":{"line":90,"column":37},"end":{"line":90,"column":38}},"loc":{"start":{"line":90,"column":44},"end":{"line":90,"column":50}}},"8":{"name":"(anonymous_8)","decl":{"start":{"line":96,"column":30},"end":{"line":96,"column":35}},"loc":{"start":{"line":96,"column":60},"end":{"line":111,"column":5}}},"9":{"name":"(anonymous_9)","decl":{"start":{"line":106,"column":37},"end":{"line":106,"column":38}},"loc":{"start":{"line":106,"column":44},"end":{"line":106,"column":50}}}},"branchMap":{"0":{"loc":{"start":{"line":38,"column":21},"end":{"line":38,"column":47}},"type":"binary-expr","locations":[{"start":{"line":38,"column":21},"end":{"line":38,"column":27}},{"start":{"line":38,"column":31},"end":{"line":38,"column":47}}]},"1":{"loc":{"start":{"line":81,"column":23},"end":{"line":81,"column":66}},"type":"cond-expr","locations":[{"start":{"line":81,"column":30},"end":{"line":81,"column":54}},{"start":{"line":81,"column":57},"end":{"line":81,"column":66}}]},"2":{"loc":{"start":{"line":91,"column":19},"end":{"line":93,"column":21}},"type":"cond-expr","locations":[{"start":{"line":92,"column":12},"end":{"line":92,"column":51}},{"start":{"line":93,"column":12},"end":{"line":93,"column":21}}]},"3":{"loc":{"start":{"line":97,"column":23},"end":{"line":97,"column":66}},"type":"cond-expr","locations":[{"start":{"line":97,"column":30},"end":{"line":97,"column":54}},{"start":{"line":97,"column":57},"end":{"line":97,"column":66}}]},"4":{"loc":{"start":{"line":107,"column":19},"end":{"line":109,"column":21}},"type":"cond-expr","locations":[{"start":{"line":108,"column":12},"end":{"line":108,"column":51}},{"start":{"line":109,"column":12},"end":{"line":109,"column":21}}]}},"s":{"0":1,"1":1,"2":1,"3":1,"4":2,"5":1,"6":2,"7":1,"8":2,"9":1,"10":1,"11":1,"12":1,"13":2,"14":2,"15":301,"16":301,"17":3,"18":3,"19":3,"20":151,"21":3,"22":3,"23":3,"24":151,"25":1},"f":{"0":2,"1":2,"2":2,"3":1,"4":2,"5":301,"6":3,"7":151,"8":3,"9":151},"b":{"0":[2,0],"1":[1,2],"2":[1,2],"3":[1,2],"4":[1,2]}}
}
