TN:
SF:src/api/handlers/api-handlers.ts
FN:15,(anonymous_0)
FN:25,(anonymous_1)
FN:26,(anonymous_2)
FN:49,(anonymous_3)
FN:56,(anonymous_4)
FN:60,(anonymous_5)
FNF:6
FNH:5
FNDA:5,(anonymous_0)
FNDA:0,(anonymous_1)
FNDA:1,(anonymous_2)
FNDA:2,(anonymous_3)
FNDA:1,(anonymous_4)
FNDA:1,(anonymous_5)
DA:1,1
DA:2,1
DA:3,1
DA:15,1
DA:20,5
DA:24,5
DA:25,0
DA:27,1
DA:28,1
DA:39,1
DA:46,1
DA:47,1
DA:50,2
DA:51,2
DA:52,1
DA:54,1
DA:57,1
DA:58,1
DA:61,1
DA:62,1
LF:20
LH:19
BRDA:34,0,0,1
BRDA:34,0,1,1
BRDA:51,1,0,1
BRF:3
BRH:3
end_of_record
TN:
SF:src/api/routes/routes.ts
FN:25,(anonymous_1)
FNF:1
FNH:1
FNDA:1,(anonymous_1)
DA:1,3
DA:2,3
DA:3,3
DA:4,3
DA:5,3
DA:10,3
DA:12,3
DA:25,3
DA:29,1
LF:9
LH:9
BRF:0
BRH:0
end_of_record
TN:
SF:src/infra/logging.ts
FN:4,(anonymous_1)
FNF:1
FNH:1
FNDA:4,(anonymous_1)
DA:1,3
DA:4,4
DA:8,3
LF:3
LH:3
BRF:0
BRH:0
end_of_record
TN:
SF:src/models/index.ts
FNF:0
FNH:0
DA:1,2
LF:1
LH:1
BRF:0
BRH:0
end_of_record
TN:
SF:src/models/product.ts
FNF:0
FNH:0
DA:1,2
DA:2,2
DA:4,2
DA:16,2
DA:17,2
LF:5
LH:5
BRF:0
BRH:0
end_of_record
TN:
SF:src/repo/repo.ts
FN:25,(anonymous_0)
FN:29,(anonymous_1)
FN:33,(anonymous_2)
FN:40,(anonymous_3)
FN:49,(anonymous_4)
FN:56,(anonymous_5)
FN:80,(anonymous_6)
FN:90,(anonymous_7)
FN:96,(anonymous_8)
FN:106,(anonymous_9)
FNF:10
FNH:10
FNDA:2,(anonymous_0)
FNDA:2,(anonymous_1)
FNDA:2,(anonymous_2)
FNDA:1,(anonymous_3)
FNDA:2,(anonymous_4)
FNDA:301,(anonymous_5)
FNDA:3,(anonymous_6)
FNDA:151,(anonymous_7)
FNDA:3,(anonymous_8)
FNDA:151,(anonymous_9)
DA:1,1
DA:2,1
DA:5,1
DA:25,1
DA:26,2
DA:29,1
DA:30,2
DA:33,1
DA:34,2
DA:40,1
DA:47,1
DA:48,1
DA:50,2
DA:54,2
DA:57,301
DA:78,301
DA:81,3
DA:82,3
DA:89,3
DA:90,151
DA:97,3
DA:98,3
DA:105,3
DA:106,151
LF:24
LH:24
BRDA:38,0,0,2
BRDA:38,0,1,0
BRDA:81,1,0,1
BRDA:81,1,1,2
BRDA:91,2,0,1
BRDA:91,2,1,2
BRDA:97,3,0,1
BRDA:97,3,1,2
BRDA:107,4,0,1
BRDA:107,4,1,2
BRF:10
BRH:9
end_of_record
